Performing C SOURCE FILE Test CMAKE_HAVE_LIBC_PTHREAD failed with the following output:
Change Dir: /home/ectomic/Bureau/programmation/Ombre/CMakeFiles/CMakeTmp

Run Build Command(s):/usr/bin/make cmTC_eb57c/fast && /usr/bin/make -f CMakeFiles/cmTC_eb57c.dir/build.make CMakeFiles/cmTC_eb57c.dir/build
make[1] : on entre dans le répertoire « /home/ectomic/Bureau/programmation/Ombre/CMakeFiles/CMakeTmp »
Building C object CMakeFiles/cmTC_eb57c.dir/src.c.o
/usr/bin/cc   -DCMAKE_HAVE_LIBC_PTHREAD   -o CMakeFiles/cmTC_eb57c.dir/src.c.o   -c /home/ectomic/Bureau/programmation/Ombre/CMakeFiles/CMakeTmp/src.c
Linking C executable cmTC_eb57c
/usr/bin/cmake -E cmake_link_script CMakeFiles/cmTC_eb57c.dir/link.txt --verbose=1
/usr/bin/cc  -DCMAKE_HAVE_LIBC_PTHREAD    -rdynamic CMakeFiles/cmTC_eb57c.dir/src.c.o  -o cmTC_eb57c 
/usr/bin/ld : CMakeFiles/cmTC_eb57c.dir/src.c.o : dans la fonction « main » :
src.c:(.text+0x46) : référence indéfinie vers « pthread_create »
/usr/bin/ld : src.c:(.text+0x52) : référence indéfinie vers « pthread_detach »
/usr/bin/ld : src.c:(.text+0x63) : référence indéfinie vers « pthread_join »
collect2: error: ld returned 1 exit status
make[1]: *** [CMakeFiles/cmTC_eb57c.dir/build.make:87 : cmTC_eb57c] Erreur 1
make[1] : on quitte le répertoire « /home/ectomic/Bureau/programmation/Ombre/CMakeFiles/CMakeTmp »
make: *** [Makefile:121 : cmTC_eb57c/fast] Erreur 2


Source file was:
#include <pthread.h>

void* test_func(void* data)
{
  return data;
}

int main(void)
{
  pthread_t thread;
  pthread_create(&thread, NULL, test_func, NULL);
  pthread_detach(thread);
  pthread_join(thread, NULL);
  pthread_atfork(NULL, NULL, NULL);
  pthread_exit(NULL);

  return 0;
}

Determining if the function pthread_create exists in the pthreads failed with the following output:
Change Dir: /home/ectomic/Bureau/programmation/Ombre/CMakeFiles/CMakeTmp

Run Build Command(s):/usr/bin/make cmTC_12498/fast && /usr/bin/make -f CMakeFiles/cmTC_12498.dir/build.make CMakeFiles/cmTC_12498.dir/build
make[1] : on entre dans le répertoire « /home/ectomic/Bureau/programmation/Ombre/CMakeFiles/CMakeTmp »
Building C object CMakeFiles/cmTC_12498.dir/CheckFunctionExists.c.o
/usr/bin/cc   -DCHECK_FUNCTION_EXISTS=pthread_create   -o CMakeFiles/cmTC_12498.dir/CheckFunctionExists.c.o   -c /usr/share/cmake-3.16/Modules/CheckFunctionExists.c
Linking C executable cmTC_12498
/usr/bin/cmake -E cmake_link_script CMakeFiles/cmTC_12498.dir/link.txt --verbose=1
/usr/bin/cc  -DCHECK_FUNCTION_EXISTS=pthread_create    -rdynamic CMakeFiles/cmTC_12498.dir/CheckFunctionExists.c.o  -o cmTC_12498  -lpthreads 
/usr/bin/ld : ne peut trouver -lpthreads
collect2: error: ld returned 1 exit status
make[1]: *** [CMakeFiles/cmTC_12498.dir/build.make:87 : cmTC_12498] Erreur 1
make[1] : on quitte le répertoire « /home/ectomic/Bureau/programmation/Ombre/CMakeFiles/CMakeTmp »
make: *** [Makefile:121 : cmTC_12498/fast] Erreur 2



Performing C SOURCE FILE Test CMAKE_HAVE_LIBC_PTHREAD failed with the following output:
Change Dir: /home/ectomic/Bureau/programmation/Ombre/CMakeFiles/CMakeTmp

Run Build Command(s):/usr/bin/make cmTC_13d1c/fast && /usr/bin/make -f CMakeFiles/cmTC_13d1c.dir/build.make CMakeFiles/cmTC_13d1c.dir/build
make[1] : on entre dans le répertoire « /home/ectomic/Bureau/programmation/Ombre/CMakeFiles/CMakeTmp »
Building C object CMakeFiles/cmTC_13d1c.dir/src.c.o
/usr/bin/cc   -DCMAKE_HAVE_LIBC_PTHREAD   -o CMakeFiles/cmTC_13d1c.dir/src.c.o   -c /home/ectomic/Bureau/programmation/Ombre/CMakeFiles/CMakeTmp/src.c
Linking C executable cmTC_13d1c
/usr/bin/cmake -E cmake_link_script CMakeFiles/cmTC_13d1c.dir/link.txt --verbose=1
/usr/bin/cc  -DCMAKE_HAVE_LIBC_PTHREAD    -rdynamic CMakeFiles/cmTC_13d1c.dir/src.c.o  -o cmTC_13d1c 
/usr/bin/ld : CMakeFiles/cmTC_13d1c.dir/src.c.o : dans la fonction « main » :
src.c:(.text+0x46) : référence indéfinie vers « pthread_create »
/usr/bin/ld : src.c:(.text+0x52) : référence indéfinie vers « pthread_detach »
/usr/bin/ld : src.c:(.text+0x63) : référence indéfinie vers « pthread_join »
collect2: error: ld returned 1 exit status
make[1]: *** [CMakeFiles/cmTC_13d1c.dir/build.make:87 : cmTC_13d1c] Erreur 1
make[1] : on quitte le répertoire « /home/ectomic/Bureau/programmation/Ombre/CMakeFiles/CMakeTmp »
make: *** [Makefile:121 : cmTC_13d1c/fast] Erreur 2


Source file was:
#include <pthread.h>

void* test_func(void* data)
{
  return data;
}

int main(void)
{
  pthread_t thread;
  pthread_create(&thread, NULL, test_func, NULL);
  pthread_detach(thread);
  pthread_join(thread, NULL);
  pthread_atfork(NULL, NULL, NULL);
  pthread_exit(NULL);

  return 0;
}

Determining if the function pthread_create exists in the pthreads failed with the following output:
Change Dir: /home/ectomic/Bureau/programmation/Ombre/CMakeFiles/CMakeTmp

Run Build Command(s):/usr/bin/make cmTC_47cbe/fast && /usr/bin/make -f CMakeFiles/cmTC_47cbe.dir/build.make CMakeFiles/cmTC_47cbe.dir/build
make[1] : on entre dans le répertoire « /home/ectomic/Bureau/programmation/Ombre/CMakeFiles/CMakeTmp »
Building C object CMakeFiles/cmTC_47cbe.dir/CheckFunctionExists.c.o
/usr/bin/cc   -DCHECK_FUNCTION_EXISTS=pthread_create   -o CMakeFiles/cmTC_47cbe.dir/CheckFunctionExists.c.o   -c /usr/share/cmake-3.16/Modules/CheckFunctionExists.c
Linking C executable cmTC_47cbe
/usr/bin/cmake -E cmake_link_script CMakeFiles/cmTC_47cbe.dir/link.txt --verbose=1
/usr/bin/cc  -DCHECK_FUNCTION_EXISTS=pthread_create    -rdynamic CMakeFiles/cmTC_47cbe.dir/CheckFunctionExists.c.o  -o cmTC_47cbe  -lpthreads 
/usr/bin/ld : ne peut trouver -lpthreads
collect2: error: ld returned 1 exit status
make[1]: *** [CMakeFiles/cmTC_47cbe.dir/build.make:87 : cmTC_47cbe] Erreur 1
make[1] : on quitte le répertoire « /home/ectomic/Bureau/programmation/Ombre/CMakeFiles/CMakeTmp »
make: *** [Makefile:121 : cmTC_47cbe/fast] Erreur 2



